<?xml version="1.0" encoding="UTF-8"?>
<testng-results ignored="0" total="3" passed="3" failed="0" skipped="0">
  <reporter-output>
  </reporter-output>
  <suite started-at="2021-07-26T16:25:41 PET" name="Surefire suite" finished-at="2021-07-26T16:25:41 PET" duration-ms="315">
    <groups>
    </groups>
    <test started-at="2021-07-26T16:25:41 PET" name="Surefire test" finished-at="2021-07-26T16:25:41 PET" duration-ms="315">
      <class name="com.Tests">
        <test-method signature="test1()[pri:0, instance:com.Tests@eb507b9]" started-at="2021-07-26T16:25:41 PET" name="test1" finished-at="2021-07-26T16:25:41 PET" duration-ms="30" status="PASS">
          <reporter-output>
          </reporter-output>
        </test-method> <!-- test1 -->
        <test-method signature="test2()[pri:0, instance:com.Tests@eb507b9]" started-at="2021-07-26T16:25:41 PET" name="test2" finished-at="2021-07-26T16:25:41 PET" duration-ms="1" status="PASS">
          <reporter-output>
          </reporter-output>
        </test-method> <!-- test2 -->
        <test-method signature="test3()[pri:0, instance:com.Tests@eb507b9]" started-at="2021-07-26T16:25:41 PET" name="test3" finished-at="2021-07-26T16:25:41 PET" duration-ms="72" status="PASS">
          <reporter-output>
          </reporter-output>
        </test-method> <!-- test3 -->
      </class> <!-- com.Tests -->
    </test> <!-- Surefire test -->
  </suite> <!-- Surefire suite -->
</testng-results>
